[start] 36 items × 4 providers × 5 seeds = 720 cells
[  1/36] K1-002   verdict=K2-pass-disagreement     modal-sub=false              (42% of 12 cells)
[  2/36] K1-001   verdict=K2-pass-cbd              modal-sub=false              (6% of 16 cells)
[  3/36] K1-003   verdict=K2-pass-cbd              modal-sub=-                  (0% of 15 cells)
[  4/36] K1-004   verdict=K2-pass-disagreement     modal-sub=false              (38% of 13 cells)
[  5/36] K1-005   verdict=K2-fail-substantive      modal-sub=mrna-cancer        (82% of 11 cells)
[  6/36] K1-006   verdict=K2-pass-disagreement     modal-sub=false              (31% of 13 cells)
[  7/36] K1-007   verdict=K2-pass-disagreement     modal-sub=false              (42% of 12 cells)
[  8/36] K1-008   verdict=K2-pass-cbd              modal-sub=-                  (0% of 13 cells)
[  9/36] K1-009   verdict=K2-pass-disagreement     modal-sub=false              (25% of 12 cells)
[ 10/36] K1-010   verdict=K2-pass-disagreement     modal-sub=true               (46% of 13 cells)
[ 11/36] K1-011   verdict=K2-pass-cbd              modal-sub=false              (18% of 11 cells)
[ 12/36] K1-012   verdict=K2-pass-cbd              modal-sub=-                  (0% of 13 cells)
[ 13/36] K1-013   verdict=K2-pass-cbd              modal-sub=-                  (0% of 12 cells)
[ 14/36] K1-014   verdict=K2-pass-disagreement     modal-sub=true               (38% of 13 cells)
[ 15/36] K1-015   verdict=K2-pass-disagreement     modal-sub=true               (62% of 13 cells)
[ 16/36] K1-016   verdict=K2-pass-disagreement     modal-sub=false              (33% of 12 cells)
[ 17/36] K1-017   verdict=K2-pass-disagreement     modal-sub=false              (42% of 12 cells)
[ 18/36] K1-018   verdict=K2-pass-cbd              modal-sub=-                  (0% of 14 cells)
[ 19/36] K1-019   verdict=K2-pass-disagreement     modal-sub=false              (42% of 12 cells)
[ 20/36] K1-020   verdict=K2-pass-disagreement     modal-sub=true               (23% of 13 cells)
[ 21/36] K2-003   verdict=K2-pass-disagreement     modal-sub=false              (64% of 11 cells)
[ 22/36] K2-005   verdict=K2-fail-substantive      modal-sub=true               (100% of 13 cells)
[ 23/36] K2-006   verdict=K2-pass-disagreement     modal-sub=true               (67% of 12 cells)
[ 24/36] K2-007   verdict=K2-pass-disagreement     modal-sub=false              (62% of 13 cells)
[ 25/36] K2-008   verdict=K2-pass-disagreement     modal-sub=true               (25% of 12 cells)
[ 26/36] K2-010   verdict=K2-pass-disagreement     modal-sub=partial            (75% of 12 cells)
[ 27/36] K2-012   verdict=K2-pass-disagreement     modal-sub=true               (58% of 12 cells)
[ 28/36] K2-013   verdict=K2-pass-disagreement     modal-sub=partial            (54% of 13 cells)
[ 29/36] K2-015   verdict=K2-pass-disagreement     modal-sub=true               (58% of 12 cells)
[ 30/36] K2-016   verdict=K2-pass-disagreement     modal-sub=depends-on-rebalan (69% of 13 cells)
[ 31/36] K2-018   verdict=K2-pass-disagreement     modal-sub=false              (46% of 11 cells)
[ 32/36] K4-001   verdict=K2-pass-disagreement     modal-sub=sequenced-with-sig (69% of 13 cells)
[ 33/36] K4-002   verdict=K2-pass-disagreement     modal-sub=cooperate          (58% of 12 cells)
[ 34/36] K4-003   verdict=K2-fail-substantive      modal-sub=withhold           (85% of 13 cells)
[ 35/36] K4-004   verdict=K2-pass-disagreement     modal-sub=low                (62% of 13 cells)
[ 36/36] K4-008   verdict=K2-pass-disagreement     modal-sub=partial-entry      (55% of 11 cells)
[done] wrote cross_model_results.json and cross_model_report.md
